<?xml version="1.0" encoding="UTF-8"?>
<!-- Generated by org.testng.reporters.JUnitReportReporter -->
<testsuite name="Test.NationalitiesTest" tests="4" time="84.881" ignored="0" failures="0" timestamp="26 Mar 2020 07:53:08 GMT" skipped="0" hostname="Win-PC" errors="0">
  <testcase name="openNationaliitesPage" time="16.567" classname="Test.NationalitiesTest"/>
  <testcase name="Login" time="44.433" classname="Test.NationalitiesTest"/>
  <testcase name="addNationality" time="12.721" classname="Test.NationalitiesTest"/>
  <testcase name="deleteNationality" time="11.160" classname="Test.NationalitiesTest"/>
</testsuite> <!-- Test.NationalitiesTest -->
