<?xml version="1.0" encoding="UTF-8"?>
<!-- Generated by org.testng.reporters.JUnitReportReporter -->
<testsuite name="Test.LoginTest" tests="1" time="8.851" ignored="0" failures="0" timestamp="24 Mar 2020 07:28:28 GMT" skipped="0" hostname="Win-PC" errors="0">
  <testcase name="Login" time="8.851" classname="Test.LoginTest"/>
</testsuite> <!-- Test.LoginTest -->
