<?xml version="1.0" encoding="UTF-8"?>
<!-- Generated by org.testng.reporters.JUnitReportReporter -->
<testsuite name="Test.OrangeHRMTestLogin" tests="3" time="30.306" ignored="0" failures="0" timestamp="11 Nov 2019 12:43:01 GMT" skipped="0" hostname="Win-PC" errors="0">
  <testcase name="setUpBrowser" time="4.147" classname="Test.OrangeHRMTestLogin"/>
  <testcase name="InvalidloginToOrangeHRM" time="3.317" classname="Test.OrangeHRMTestLogin"/>
  <testcase name="loginToOrangeHRMWithValidCredentials" time="22.842" classname="Test.OrangeHRMTestLogin"/>
</testsuite> <!-- Test.OrangeHRMTestLogin -->
